{"/Users/ahmadmhanif/Documents/Sandbox/BootCamp/team-roster/lib/Employee.js": {"path":"/Users/ahmadmhanif/Documents/Sandbox/BootCamp/team-roster/lib/Employee.js","statementMap":{"0":{"start":{"line":5,"column":8},"end":{"line":5,"column":25}},"1":{"start":{"line":6,"column":8},"end":{"line":6,"column":21}},"2":{"start":{"line":7,"column":8},"end":{"line":7,"column":27}},"3":{"start":{"line":11,"column":0},"end":{"line":11,"column":26}}},"fnMap":{"0":{"name":"(anonymous_0)","decl":{"start":{"line":4,"column":4},"end":{"line":4,"column":5}},"loc":{"start":{"line":4,"column":32},"end":{"line":8,"column":5}},"line":4}},"branchMap":{},"s":{"0":4,"1":4,"2":4,"3":4},"f":{"0":4},"b":{},"_coverageSchema":"1a1c01bbd47fc00a2c39e90264f33305004495a9","hash":"da1adde1ae5f1843aa5d4e3481d6ad22c366cd6c"}
,"/Users/ahmadmhanif/Documents/Sandbox/BootCamp/team-roster/lib/Engineer.js": {"path":"/Users/ahmadmhanif/Documents/Sandbox/BootCamp/team-roster/lib/Engineer.js","statementMap":{"0":{"start":{"line":1,"column":17},"end":{"line":1,"column":38}},"1":{"start":{"line":7,"column":8},"end":{"line":7,"column":31}},"2":{"start":{"line":8,"column":8},"end":{"line":8,"column":29}},"3":{"start":{"line":12,"column":0},"end":{"line":12,"column":25}}},"fnMap":{"0":{"name":"(anonymous_0)","decl":{"start":{"line":6,"column":4},"end":{"line":6,"column":5}},"loc":{"start":{"line":6,"column":40},"end":{"line":9,"column":5}},"line":6}},"branchMap":{},"s":{"0":1,"1":1,"2":1,"3":1},"f":{"0":1},"b":{},"_coverageSchema":"1a1c01bbd47fc00a2c39e90264f33305004495a9","hash":"a081a6c3464b551db8b89b79a25e85795db24670"}
,"/Users/ahmadmhanif/Documents/Sandbox/BootCamp/team-roster/lib/Intern.js": {"path":"/Users/ahmadmhanif/Documents/Sandbox/BootCamp/team-roster/lib/Intern.js","statementMap":{"0":{"start":{"line":1,"column":17},"end":{"line":1,"column":38}},"1":{"start":{"line":7,"column":8},"end":{"line":7,"column":31}},"2":{"start":{"line":8,"column":8},"end":{"line":8,"column":29}},"3":{"start":{"line":9,"column":8},"end":{"line":9,"column":29}},"4":{"start":{"line":13,"column":0},"end":{"line":13,"column":23}}},"fnMap":{"0":{"name":"(anonymous_0)","decl":{"start":{"line":6,"column":4},"end":{"line":6,"column":5}},"loc":{"start":{"line":6,"column":48},"end":{"line":10,"column":5}},"line":6}},"branchMap":{},"s":{"0":1,"1":1,"2":1,"3":1,"4":1},"f":{"0":1},"b":{},"_coverageSchema":"1a1c01bbd47fc00a2c39e90264f33305004495a9","hash":"53778fea81c6a6ce90f32125003055106d171a72"}
,"/Users/ahmadmhanif/Documents/Sandbox/BootCamp/team-roster/lib/Manager.js": {"path":"/Users/ahmadmhanif/Documents/Sandbox/BootCamp/team-roster/lib/Manager.js","statementMap":{"0":{"start":{"line":1,"column":17},"end":{"line":1,"column":38}},"1":{"start":{"line":7,"column":8},"end":{"line":7,"column":31}},"2":{"start":{"line":8,"column":8},"end":{"line":8,"column":33}},"3":{"start":{"line":12,"column":0},"end":{"line":12,"column":24}}},"fnMap":{"0":{"name":"(anonymous_0)","decl":{"start":{"line":6,"column":4},"end":{"line":6,"column":5}},"loc":{"start":{"line":6,"column":42},"end":{"line":9,"column":5}},"line":6}},"branchMap":{},"s":{"0":1,"1":1,"2":1,"3":1},"f":{"0":1},"b":{},"_coverageSchema":"1a1c01bbd47fc00a2c39e90264f33305004495a9","hash":"cb9a4ede2743ab49031af7f0fedd21e186861834"}
}
